TN:
SF:app.js
FN:30,(anonymous_0)
FN:35,(anonymous_1)
FNF:2
FNH:2
FNDA:2,(anonymous_0)
FNDA:30,(anonymous_1)
DA:5,4
DA:6,4
DA:8,4
DA:10,4
DA:11,4
DA:12,4
DA:13,4
DA:15,4
DA:17,4
DA:19,4
DA:20,4
DA:21,4
DA:22,4
DA:24,4
DA:25,4
DA:26,4
DA:30,4
DA:31,2
DA:35,4
DA:36,30
DA:39,30
DA:41,30
DA:46,4
LF:23
LH:23
BRDA:36,0,0,1
BRDA:36,0,1,29
BRF:2
BRH:2
end_of_record
TN:
SF:config.js
FN:13,getDatabaseUri
FNF:1
FNH:1
FNDA:10,getDatabaseUri
DA:5,9
DA:6,9
DA:8,9
DA:10,9
DA:14,10
DA:21,9
DA:23,9
DA:24,1
DA:34,9
LF:9
LH:9
BRDA:8,0,0,9
BRDA:8,0,1,8
BRDA:10,1,0,9
BRDA:10,1,1,8
BRDA:14,2,0,7
BRDA:14,2,1,3
BRDA:16,3,0,3
BRDA:16,3,1,1
BRDA:21,4,0,8
BRDA:21,4,1,1
BRDA:23,5,0,1
BRDA:23,5,1,8
BRF:12
BRH:12
end_of_record
TN:
SF:db.js
FN:14,connectDb
FNF:1
FNH:1
FNDA:6,connectDb
DA:5,6
DA:6,6
DA:8,6
DA:10,6
DA:16,6
DA:17,6
DA:18,6
DA:19,6
DA:25,6
DA:27,6
LF:10
LH:10
BRF:0
BRH:0
end_of_record
TN:
SF:expressError.js
FN:10,(anonymous_0)
FN:20,(anonymous_1)
FN:28,(anonymous_2)
FN:36,(anonymous_3)
FN:44,(anonymous_4)
FNF:5
FNH:4
FNDA:45,(anonymous_0)
FNDA:14,(anonymous_1)
FNDA:13,(anonymous_2)
FNDA:18,(anonymous_3)
FNDA:0,(anonymous_4)
DA:11,45
DA:12,45
DA:13,45
DA:21,14
DA:29,13
DA:37,18
DA:45,0
DA:49,8
LF:8
LH:7
BRDA:20,0,0,2
BRDA:28,1,0,9
BRDA:36,2,0,0
BRDA:44,3,0,0
BRF:4
BRH:2
end_of_record
TN:
SF:helpers/sql.js
FN:18,sqlForPartialUpdate
FN:23,(anonymous_1)
FN:39,sqlForFilter
FN:41,(anonymous_3)
FNF:4
FNH:4
FNDA:15,sqlForPartialUpdate
FNDA:27,(anonymous_1)
FNDA:9,sqlForFilter
FNDA:14,(anonymous_3)
DA:3,7
DA:19,15
DA:20,15
DA:23,12
DA:24,27
DA:27,12
DA:40,9
DA:41,9
DA:42,14
DA:43,5
DA:44,9
DA:45,5
DA:47,4
DA:51,9
DA:54,7
LF:15
LH:15
BRDA:20,0,0,3
BRDA:20,0,1,12
BRDA:24,1,0,27
BRDA:24,1,1,13
BRDA:42,2,0,5
BRDA:42,2,1,9
BRDA:44,3,0,5
BRDA:44,3,1,4
BRF:8
BRH:8
end_of_record
TN:
SF:helpers/tokens.js
FN:8,createToken
FNF:1
FNH:1
FNDA:10,createToken
DA:3,5
DA:4,5
DA:9,10
DA:14,10
DA:17,5
LF:5
LH:5
BRF:0
BRH:0
end_of_record
TN:
SF:middleware/auth.js
FN:18,authenticateJWT
FN:38,ensureLoggedIn
FNF:2
FNH:2
FNDA:49,authenticateJWT
FNDA:32,ensureLoggedIn
DA:5,5
DA:6,5
DA:7,5
DA:19,49
DA:20,49
DA:21,24
DA:23,24
DA:24,24
DA:29,49
DA:39,32
DA:40,9
DA:44,5
LF:12
LH:12
BRDA:20,0,0,24
BRDA:20,0,1,25
BRDA:39,1,0,23
BRDA:39,1,1,9
BRF:4
BRH:4
end_of_record
TN:
SF:models/_testCommon.js
FN:8,commonBeforeAll
FN:34,commonBeforeEach
FN:38,commonAfterEach
FN:42,commonAfterAll
FNF:4
FNH:4
FNDA:2,commonBeforeAll
FNDA:30,commonBeforeEach
FNDA:30,commonAfterEach
FNDA:2,commonAfterAll
DA:3,2
DA:5,2
DA:6,2
DA:10,2
DA:12,2
DA:14,2
DA:20,2
DA:35,30
DA:39,30
DA:43,2
DA:47,2
LF:11
LH:11
BRF:0
BRH:0
end_of_record
TN:
SF:models/company.js
FN:19,(anonymous_0)
FN:61,(anonymous_1)
FN:99,(anonymous_2)
FN:128,(anonymous_3)
FN:160,(anonymous_4)
FNF:5
FNH:5
FNDA:13,(anonymous_0)
FNDA:7,(anonymous_1)
FNDA:5,(anonymous_2)
FNDA:6,(anonymous_3)
FNDA:4,(anonymous_4)
DA:3,5
DA:4,5
DA:5,5
DA:20,13
DA:25,13
DA:26,1
DA:28,12
DA:48,12
DA:50,12
DA:62,7
DA:65,7
DA:69,7
DA:79,7
DA:88,7
DA:100,5
DA:109,5
DA:111,5
DA:113,3
DA:129,6
DA:135,5
DA:137,5
DA:147,5
DA:148,5
DA:150,5
DA:152,3
DA:161,4
DA:166,4
DA:168,4
DA:173,5
LF:29
LH:29
BRDA:25,0,0,1
BRDA:25,0,1,12
BRDA:62,1,0,2
BRDA:62,1,1,5
BRDA:65,2,0,2
BRDA:65,2,1,5
BRDA:111,3,0,2
BRDA:111,3,1,3
BRDA:150,4,0,2
BRDA:150,4,1,3
BRDA:168,5,0,2
BRDA:168,5,1,2
BRF:12
BRH:12
end_of_record
TN:
SF:models/user.js
FN:24,(anonymous_0)
FN:58,(anonymous_1)
FN:106,(anonymous_2)
FN:128,(anonymous_3)
FN:163,(anonymous_4)
FN:197,(anonymous_5)
FNF:6
FNH:6
FNDA:7,(anonymous_0)
FNDA:16,(anonymous_1)
FNDA:2,(anonymous_2)
FNDA:4,(anonymous_3)
FNDA:7,(anonymous_4)
FNDA:4,(anonymous_5)
DA:3,5
DA:4,5
DA:5,5
DA:10,5
DA:12,5
DA:26,7
DA:37,7
DA:39,7
DA:41,4
DA:42,4
DA:43,3
DA:44,3
DA:48,4
DA:60,16
DA:66,16
DA:67,1
DA:70,15
DA:72,15
DA:96,15
DA:98,15
DA:107,2
DA:117,2
DA:129,4
DA:139,4
DA:141,4
DA:143,2
DA:164,7
DA:165,2
DA:168,7
DA:175,6
DA:177,6
DA:186,6
DA:187,6
DA:189,6
DA:191,4
DA:192,4
DA:198,4
DA:204,4
DA:206,4
DA:211,5
LF:40
LH:40
BRDA:39,0,0,4
BRDA:39,0,1,3
BRDA:42,1,0,3
BRDA:42,1,1,1
BRDA:66,2,0,1
BRDA:66,2,1,15
BRDA:141,3,0,2
BRDA:141,3,1,2
BRDA:164,4,0,2
BRDA:164,4,1,5
BRDA:189,5,0,2
BRDA:189,5,1,4
BRDA:206,6,0,2
BRDA:206,6,1,2
BRF:14
BRH:14
end_of_record
TN:
SF:routes/_testCommon.js
FN:8,commonBeforeAll
FN:65,commonBeforeEach
FN:69,commonAfterEach
FN:73,commonAfterAll
FNF:4
FNH:4
FNDA:3,commonBeforeAll
FNDA:44,commonBeforeEach
FNDA:44,commonAfterEach
FNDA:3,commonAfterAll
DA:3,3
DA:4,3
DA:5,3
DA:6,3
DA:10,3
DA:12,3
DA:14,3
DA:22,3
DA:30,3
DA:39,3
DA:47,3
DA:55,3
DA:66,44
DA:70,44
DA:74,3
DA:78,3
DA:81,3
LF:17
LH:17
BRF:0
BRH:0
end_of_record
TN:
SF:routes/auth.js
FN:22,(anonymous_0)
FN:29,(anonymous_1)
FN:49,(anonymous_2)
FN:56,(anonymous_3)
FNF:4
FNH:4
FNDA:5,(anonymous_0)
FNDA:2,(anonymous_1)
FNDA:3,(anonymous_2)
FNDA:5,(anonymous_3)
DA:5,4
DA:7,4
DA:8,4
DA:9,4
DA:10,4
DA:11,4
DA:12,4
DA:13,4
DA:22,4
DA:23,5
DA:28,5
DA:29,2
DA:30,2
DA:33,3
DA:34,3
DA:35,1
DA:36,1
DA:49,4
DA:50,3
DA:55,3
DA:56,5
DA:57,2
DA:60,1
DA:61,1
DA:62,1
DA:66,4
LF:26
LH:26
BRDA:28,0,0,2
BRDA:28,0,1,3
BRDA:55,1,0,2
BRDA:55,1,1,1
BRF:4
BRH:4
end_of_record
TN:
SF:routes/companies.js
FN:28,(anonymous_0)
FN:35,(anonymous_1)
FN:54,(anonymous_2)
FN:80,(anonymous_3)
FN:98,(anonymous_4)
FN:114,(anonymous_5)
FN:121,(anonymous_6)
FN:134,(anonymous_7)
FNF:8
FNH:8
FNDA:3,(anonymous_0)
FNDA:3,(anonymous_1)
FNDA:4,(anonymous_2)
FNDA:1,(anonymous_3)
FNDA:3,(anonymous_4)
FNDA:4,(anonymous_5)
FNDA:2,(anonymous_6)
FNDA:2,(anonymous_7)
DA:5,4
DA:6,4
DA:8,4
DA:9,4
DA:10,4
DA:12,4
DA:13,4
DA:14,4
DA:16,4
DA:28,4
DA:29,3
DA:34,3
DA:35,3
DA:36,2
DA:39,1
DA:40,1
DA:54,4
DA:57,4
DA:58,3
DA:60,3
DA:61,2
DA:64,3
DA:65,1
DA:68,3
DA:69,1
DA:73,2
DA:79,2
DA:80,1
DA:81,1
DA:86,2
DA:87,2
DA:98,4
DA:99,3
DA:100,2
DA:114,4
DA:115,4
DA:120,4
DA:121,2
DA:122,2
DA:125,2
DA:126,1
DA:134,4
DA:135,2
DA:136,1
DA:140,4
LF:45
LH:45
BRDA:34,0,0,2
BRDA:34,0,1,1
BRDA:57,1,0,3
BRDA:57,1,1,1
BRDA:60,2,0,2
BRDA:60,2,1,1
BRDA:64,3,0,1
BRDA:64,3,1,2
BRDA:68,4,0,1
BRDA:68,4,1,2
BRDA:79,5,0,1
BRDA:79,5,1,1
BRDA:120,6,0,2
BRDA:120,6,1,2
BRF:14
BRH:14
end_of_record
TN:
SF:routes/users.js
FN:30,(anonymous_0)
FN:37,(anonymous_1)
FN:54,(anonymous_2)
FN:67,(anonymous_3)
FN:83,(anonymous_4)
FN:90,(anonymous_5)
FN:104,(anonymous_6)
FNF:7
FNH:7
FNDA:4,(anonymous_0)
FNDA:5,(anonymous_1)
FNDA:1,(anonymous_2)
FNDA:2,(anonymous_3)
FNDA:4,(anonymous_4)
FNDA:1,(anonymous_5)
FNDA:2,(anonymous_6)
DA:5,4
DA:7,4
DA:8,4
DA:9,4
DA:10,4
DA:11,4
DA:12,4
DA:13,4
DA:15,4
DA:30,4
DA:31,4
DA:36,4
DA:37,5
DA:38,2
DA:41,2
DA:42,2
DA:43,2
DA:54,4
DA:55,1
DA:56,1
DA:67,4
DA:68,2
DA:69,1
DA:83,4
DA:84,4
DA:89,4
DA:90,1
DA:91,1
DA:94,3
DA:95,2
DA:104,4
DA:105,2
DA:106,1
DA:110,4
LF:34
LH:34
BRDA:36,0,0,2
BRDA:36,0,1,2
BRDA:89,1,0,1
BRDA:89,1,1,3
BRF:4
BRH:4
end_of_record
